undefined
undefined
undefined
undefined
undefined
{"@fields":{"level":"info"},"@message":"API is running on port 3000"}
{"@fields":{"level":"info"},"@message":"Loaded 25 handlers"}
{"@fields":{"level":"info"},"@message":"Started WebSocket"}
{"@fields":{"level":"info"},"@message":"Connected to database."}
{"@fields":{"level":"info"},"@message":"Logged in to email service"}
undefined
undefined
undefined
undefined
undefined
undefined
undefined
undefined
undefined
undefined
undefined
undefined
undefined
undefined
undefined
